<?xml version="1.0" encoding="UTF-8"?>
<testng-results ignored="0" total="5" passed="5" failed="0" skipped="0">
  <reporter-output>
  </reporter-output>
  <suite started-at="2023-01-10T18:35:59 IST" name="Default suite" finished-at="2023-01-10T18:36:35 IST" duration-ms="36222">
    <groups>
    </groups>
    <test started-at="2023-01-10T18:35:59 IST" name="Default test" finished-at="2023-01-10T18:36:35 IST" duration-ms="36222">
      <class name="TestClasses.JewellerERP">
        <test-method is-config="true" signature="openBrowser()[pri:0, instance:TestClasses.JewellerERP@19d481b]" started-at="2023-01-10T18:35:59 IST" name="openBrowser" finished-at="2023-01-10T18:36:10 IST" duration-ms="10370" status="PASS">
          <reporter-output>
          </reporter-output>
        </test-method> <!-- openBrowser -->
        <test-method signature="LoginPage()[pri:1, instance:TestClasses.JewellerERP@19d481b]" started-at="2023-01-10T18:36:10 IST" name="LoginPage" finished-at="2023-01-10T18:36:11 IST" duration-ms="963" status="PASS">
          <reporter-output>
          </reporter-output>
        </test-method> <!-- LoginPage -->
        <test-method signature="BranchSelection()[pri:2, instance:TestClasses.JewellerERP@19d481b]" started-at="2023-01-10T18:36:11 IST" name="BranchSelection" finished-at="2023-01-10T18:36:12 IST" duration-ms="1215" status="PASS">
          <reporter-output>
          </reporter-output>
        </test-method> <!-- BranchSelection -->
        <test-method signature="Dashboards()[pri:3, instance:TestClasses.JewellerERP@19d481b]" started-at="2023-01-10T18:36:12 IST" name="Dashboards" finished-at="2023-01-10T18:36:15 IST" duration-ms="3602" status="PASS">
          <reporter-output>
          </reporter-output>
        </test-method> <!-- Dashboards -->
        <test-method signature="Customers()[pri:4, instance:TestClasses.JewellerERP@19d481b]" started-at="2023-01-10T18:36:15 IST" name="Customers" finished-at="2023-01-10T18:36:30 IST" duration-ms="14276" status="PASS">
          <reporter-output>
          </reporter-output>
        </test-method> <!-- Customers -->
        <test-method signature="RetriveDatas()[pri:5, instance:TestClasses.JewellerERP@19d481b]" started-at="2023-01-10T18:36:30 IST" name="RetriveDatas" finished-at="2023-01-10T18:36:32 IST" duration-ms="1857" status="PASS">
          <reporter-output>
          </reporter-output>
        </test-method> <!-- RetriveDatas -->
        <test-method is-config="true" signature="CloseBrowser()[pri:0, instance:TestClasses.JewellerERP@19d481b]" started-at="2023-01-10T18:36:32 IST" name="CloseBrowser" finished-at="2023-01-10T18:36:35 IST" duration-ms="3841" status="PASS">
          <reporter-output>
          </reporter-output>
        </test-method> <!-- CloseBrowser -->
      </class> <!-- TestClasses.JewellerERP -->
    </test> <!-- Default test -->
  </suite> <!-- Default suite -->
</testng-results>
