<?xml version="1.0" encoding="UTF-8"?>
<!-- Generated by org.testng.reporters.JUnitXMLReporter -->
<testsuite ignored="0" hostname="DESKTOP-I1HVQQF" failures="0" tests="5" name="Default test" time="36.222" errors="0" timestamp="2023-01-10T18:36:35 IST">
  <testcase classname="TestClasses.JewellerERP" name="LoginPage" time="0.963"/>
  <testcase classname="TestClasses.JewellerERP" name="BranchSelection" time="1.215"/>
  <testcase classname="TestClasses.JewellerERP" name="Dashboards" time="3.602"/>
  <testcase classname="TestClasses.JewellerERP" name="Customers" time="14.276"/>
  <testcase classname="TestClasses.JewellerERP" name="RetriveDatas" time="1.857"/>
</testsuite> <!-- Default test -->
